<?xml version="1.0"?>
<testsuite name="Chrome Headless 128.0.0.0 (Linux x86_64)" package="" timestamp="2024-09-28T23:07:46" id="0" hostname="e14" tests="3" errors="0" failures="0" time="0.075">
  <properties>
    <property name="browser.fullName" value="Mozilla/5.0 (X11; Linux x86_64) AppleWebKit/537.36 (KHTML, like Gecko) HeadlessChrome/128.0.0.0 Safari/537.36"/>
  </properties>
  <testcase name="AddemployeeComponent should create" time="0.052" classname="AddemployeeComponent"/>
  <testcase name="AppComponent should render title" time="0.008" classname="AppComponent"/>
  <testcase name="EmployeeComponent should create" time="0.015" classname="EmployeeComponent"/>
  <system-out>
    <![CDATA[
]]>
  </system-out>
  <system-err/>
</testsuite>